<?xml version="1.0" encoding="UTF-8"?>
<!-- Generated by org.testng.reporters.JUnitReportReporter -->
<testsuite hostname="Home" name="Demo.TestNGFirstDemo" tests="1" failures="0" timestamp="15 May 2016 17:23:41 GMT" time="2.774" errors="0">
  <testcase name="verifyTitle" time="2.774" classname="Demo.TestNGFirstDemo"/>
</testsuite> <!-- Demo.TestNGFirstDemo -->
