<?xml version="1.0" encoding="UTF-8"?>
<!-- Generated by org.testng.reporters.JUnitReportReporter -->
<testsuite hostname="Home" name="CrossBrowserTesting.cbTesting" tests="3" failures="0" timestamp="21 May 2016 16:04:12 GMT" time="82.407" errors="0">
  <testcase name="crbowserTesting" time="11.897" classname="CrossBrowserTesting.cbTesting"/>
  <testcase name="crbowserTesting" time="28.182" classname="CrossBrowserTesting.cbTesting"/>
  <testcase name="crbowserTesting" time="42.328" classname="CrossBrowserTesting.cbTesting"/>
</testsuite> <!-- CrossBrowserTesting.cbTesting -->
