<?xml version="1.0" encoding="UTF-8"?>
<!-- Generated by org.testng.reporters.JUnitReportReporter -->
<testsuite hostname="Home" name="Demo.LocalLanguageBrowser" tests="1" failures="0" timestamp="21 May 2016 16:25:43 GMT" time="4.597" errors="0">
  <testcase name="TestInGerman" time="4.597" classname="Demo.LocalLanguageBrowser"/>
</testsuite> <!-- Demo.LocalLanguageBrowser -->
