<?xml version="1.0" encoding="UTF-8"?>
<!-- Generated by org.testng.reporters.JUnitReportReporter -->
<testsuite hostname="Home" name="Demo.TakeSnap" tests="1" failures="0" timestamp="21 May 2016 16:43:55 GMT" time="30.597" errors="0">
  <testcase name="failTest" time="30.597" classname="Demo.TakeSnap"/>
</testsuite> <!-- Demo.TakeSnap -->
